0 info it worked if it ends with ok
1 verbose cli [ '/usr/bin/node', '/usr/bin/npm', 'run', 'start' ]
2 info using npm@3.10.10
3 info using node@v6.17.1
4 verbose run-script [ 'prestart', 'start', 'poststart' ]
5 info lifecycle schedule@1.0.0~prestart: schedule@1.0.0
6 silly lifecycle schedule@1.0.0~prestart: no script for prestart, continuing
7 info lifecycle schedule@1.0.0~start: schedule@1.0.0
8 verbose lifecycle schedule@1.0.0~start: unsafe-perm in lifecycle true
9 verbose lifecycle schedule@1.0.0~start: PATH: /usr/lib/node_modules/npm/bin/node-gyp-bin:/root/myProject/node_schdule/schedule/node_modules/.bin:/opt/local/bin:/opt/local/sbin:/usr/local/opt/openssl/bin:/Library/Internet Plug-Ins/JavaAppletPlugin.plugin/Contents/Home/bin:/Library/Frameworks/Python.framework/Versions/3.7/bin:/opt/rh/devtoolset-9/root/usr/bin:/usr/local/sbin:/usr/local/bin:/usr/sbin:/usr/bin:/usr/local/mysql/bin
10 verbose lifecycle schedule@1.0.0~start: CWD: /root/myProject/node_schdule/schedule
11 silly lifecycle schedule@1.0.0~start: Args: [ '-c', 'node index.js' ]
12 silly lifecycle schedule@1.0.0~start: Returned: code: 1  signal: null
13 info lifecycle schedule@1.0.0~start: Failed to exec start script
14 verbose stack Error: schedule@1.0.0 start: `node index.js`
14 verbose stack Exit status 1
14 verbose stack     at EventEmitter.<anonymous> (/usr/lib/node_modules/npm/lib/utils/lifecycle.js:255:16)
14 verbose stack     at emitTwo (events.js:106:13)
14 verbose stack     at EventEmitter.emit (events.js:191:7)
14 verbose stack     at ChildProcess.<anonymous> (/usr/lib/node_modules/npm/lib/utils/spawn.js:40:14)
14 verbose stack     at emitTwo (events.js:106:13)
14 verbose stack     at ChildProcess.emit (events.js:191:7)
14 verbose stack     at maybeClose (internal/child_process.js:920:16)
14 verbose stack     at Process.ChildProcess._handle.onexit (internal/child_process.js:230:5)
15 verbose pkgid schedule@1.0.0
16 verbose cwd /root/myProject/node_schdule/schedule
17 error Linux 3.10.0-862.el7.x86_64
18 error argv "/usr/bin/node" "/usr/bin/npm" "run" "start"
19 error node v6.17.1
20 error npm  v3.10.10
21 error code ELIFECYCLE
22 error schedule@1.0.0 start: `node index.js`
22 error Exit status 1
23 error Failed at the schedule@1.0.0 start script 'node index.js'.
23 error Make sure you have the latest version of node.js and npm installed.
23 error If you do, this is most likely a problem with the schedule package,
23 error not with npm itself.
23 error Tell the author that this fails on your system:
23 error     node index.js
23 error You can get information on how to open an issue for this project with:
23 error     npm bugs schedule
23 error Or if that isn't available, you can get their info via:
23 error     npm owner ls schedule
23 error There is likely additional logging output above.
24 verbose exit [ 1, true ]
