
env: Plug-Ins/JavaAppletPlugin.plugin/Contents/Home/bin:/Library/Frameworks/Python.framework/Versions/3.7/bin:/opt/rh/devtoolset-9/root/usr/bin:/usr/local/sbin:/usr/local/bin:/usr/sbin:/usr/bin:/usr/local/mysql/bin: 没有那个文件或目录
Thu Jul 23 2020 08:00:04 GMT+0800 (CST): exec command: python3 /root/myProject/myItchat/stock_analysis/data_filter.py filter_dby
Thu Jul 23 2020 08:00:05 GMT+0800 (CST): exec command: python3 /root/myProject/myItchat/stock_analysis/data_filter.py guider
Thu Jul 23 2020 08:00:05 GMT+0800 (CST): exec command: python3 /root/myProject/myItchat/stock_analysis/data_filter.py guider_dby
env: Plug-Ins/JavaAppletPlugin.plugin/Contents/Home/bin:/Library/Frameworks/Python.framework/Versions/3.7/bin:/opt/rh/devtoolset-9/root/usr/bin:/usr/local/sbin:/usr/local/bin:/usr/sbin:/usr/bin:/usr/local/mysql/bin: 没有那个文件或目录
Thu Jul 23 2020 08:01:03 GMT+0800 (CST): exec command: python3 /root/myProject/myItchat/stock_analysis/data_filter.py filter_dby
Thu Jul 23 2020 08:01:03 GMT+0800 (CST): exec command: python3 /root/myProject/myItchat/stock_analysis/data_filter.py guider
Thu Jul 23 2020 08:01:03 GMT+0800 (CST): exec command: python3 /root/myProject/myItchat/stock_analysis/data_filter.py guider_dby
env: Plug-Ins/JavaAppletPlugin.plugin/Contents/Home/bin:/Library/Frameworks/Python.framework/Versions/3.7/bin:/opt/rh/devtoolset-9/root/usr/bin:/usr/local/sbin:/usr/local/bin:/usr/sbin:/usr/bin:/usr/local/mysql/bin: 没有那个文件或目录
Thu Jul 23 2020 08:02:03 GMT+0800 (CST): exec command: python3 /root/myProject/myItchat/stock_analysis/data_filter.py filter_dby
Thu Jul 23 2020 08:02:03 GMT+0800 (CST): exec command: python3 /root/myProject/myItchat/stock_analysis/data_filter.py guider
Thu Jul 23 2020 08:02:04 GMT+0800 (CST): exec command: python3 /root/myProject/myItchat/stock_analysis/data_filter.py guider_dby
env: Plug-Ins/JavaAppletPlugin.plugin/Contents/Home/bin:/Library/Frameworks/Python.framework/Versions/3.7/bin:/opt/rh/devtoolset-9/root/usr/bin:/usr/local/sbin:/usr/local/bin:/usr/sbin:/usr/bin:/usr/local/mysql/bin: 没有那个文件或目录
Thu Jul 23 2020 08:03:03 GMT+0800 (CST): exec command: python3 /root/myProject/myItchat/stock_analysis/data_filter.py filter_dby
Thu Jul 23 2020 08:03:03 GMT+0800 (CST): exec command: python3 /root/myProject/myItchat/stock_analysis/data_filter.py guider
Thu Jul 23 2020 08:03:04 GMT+0800 (CST): exec command: python3 /root/myProject/myItchat/stock_analysis/data_filter.py guider_dby
env: Plug-Ins/JavaAppletPlugin.plugin/Contents/Home/bin:/Library/Frameworks/Python.framework/Versions/3.7/bin:/opt/rh/devtoolset-9/root/usr/bin:/usr/local/sbin:/usr/local/bin:/usr/sbin:/usr/bin:/usr/local/mysql/bin: 没有那个文件或目录
Thu Jul 23 2020 08:04:03 GMT+0800 (CST): exec command: python3 /root/myProject/myItchat/stock_analysis/data_filter.py filter_dby
Thu Jul 23 2020 08:04:04 GMT+0800 (CST): exec command: python3 /root/myProject/myItchat/stock_analysis/data_filter.py guider
Thu Jul 23 2020 08:04:04 GMT+0800 (CST): exec command: python3 /root/myProject/myItchat/stock_analysis/data_filter.py guider_dby
env: Plug-Ins/JavaAppletPlugin.plugin/Contents/Home/bin:/Library/Frameworks/Python.framework/Versions/3.7/bin:/opt/rh/devtoolset-9/root/usr/bin:/usr/local/sbin:/usr/local/bin:/usr/sbin:/usr/bin:/usr/local/mysql/bin: 没有那个文件或目录
Thu Jul 23 2020 08:05:03 GMT+0800 (CST): exec command: python3 /root/myProject/myItchat/stock_analysis/data_filter.py filter_dby
Thu Jul 23 2020 08:05:03 GMT+0800 (CST): exec command: python3 /root/myProject/myItchat/stock_analysis/data_filter.py guider
Thu Jul 23 2020 08:05:04 GMT+0800 (CST): exec command: python3 /root/myProject/myItchat/stock_analysis/data_filter.py guider_dby
env: Plug-Ins/JavaAppletPlugin.plugin/Contents/Home/bin:/Library/Frameworks/Python.framework/Versions/3.7/bin:/opt/rh/devtoolset-9/root/usr/bin:/usr/local/sbin:/usr/local/bin:/usr/sbin:/usr/bin:/usr/local/mysql/bin: 没有那个文件或目录
Thu Jul 23 2020 08:06:04 GMT+0800 (CST): exec command: python3 /root/myProject/myItchat/stock_analysis/data_filter.py filter_dby
Thu Jul 23 2020 08:06:04 GMT+0800 (CST): exec command: python3 /root/myProject/myItchat/stock_analysis/data_filter.py guider
Thu Jul 23 2020 08:06:05 GMT+0800 (CST): exec command: python3 /root/myProject/myItchat/stock_analysis/data_filter.py guider_dby
env: Plug-Ins/JavaAppletPlugin.plugin/Contents/Home/bin:/Library/Frameworks/Python.framework/Versions/3.7/bin:/opt/rh/devtoolset-9/root/usr/bin:/usr/local/sbin:/usr/local/bin:/usr/sbin:/usr/bin:/usr/local/mysql/bin: 没有那个文件或目录
Thu Jul 23 2020 08:07:03 GMT+0800 (CST): exec command: python3 /root/myProject/myItchat/stock_analysis/data_filter.py filter_dby
Thu Jul 23 2020 08:07:03 GMT+0800 (CST): exec command: python3 /root/myProject/myItchat/stock_analysis/data_filter.py guider
Thu Jul 23 2020 08:07:04 GMT+0800 (CST): exec command: python3 /root/myProject/myItchat/stock_analysis/data_filter.py guider_dby
env: Plug-Ins/JavaAppletPlugin.plugin/Contents/Home/bin:/Library/Frameworks/Python.framework/Versions/3.7/bin:/opt/rh/devtoolset-9/root/usr/bin:/usr/local/sbin:/usr/local/bin:/usr/sbin:/usr/bin:/usr/local/mysql/bin: 没有那个文件或目录
Thu Jul 23 2020 08:08:03 GMT+0800 (CST): exec command: python3 /root/myProject/myItchat/stock_analysis/data_filter.py filter_dby
Thu Jul 23 2020 08:08:03 GMT+0800 (CST): exec command: python3 /root/myProject/myItchat/stock_analysis/data_filter.py guider
Thu Jul 23 2020 08:08:03 GMT+0800 (CST): exec command: python3 /root/myProject/myItchat/stock_analysis/data_filter.py guider_dby
env: Plug-Ins/JavaAppletPlugin.plugin/Contents/Home/bin:/Library/Frameworks/Python.framework/Versions/3.7/bin:/opt/rh/devtoolset-9/root/usr/bin:/usr/local/sbin:/usr/local/bin:/usr/sbin:/usr/bin:/usr/local/mysql/bin: 没有那个文件或目录
Thu Jul 23 2020 08:09:03 GMT+0800 (CST): exec command: python3 /root/myProject/myItchat/stock_analysis/data_filter.py filter_dby
Thu Jul 23 2020 08:09:03 GMT+0800 (CST): exec command: python3 /root/myProject/myItchat/stock_analysis/data_filter.py guider
Thu Jul 23 2020 08:09:03 GMT+0800 (CST): exec command: python3 /root/myProject/myItchat/stock_analysis/data_filter.py guider_dby
env: Plug-Ins/JavaAppletPlugin.plugin/Contents/Home/bin:/Library/Frameworks/Python.framework/Versions/3.7/bin:/opt/rh/devtoolset-9/root/usr/bin:/usr/local/sbin:/usr/local/bin:/usr/sbin:/usr/bin:/usr/local/mysql/bin: 没有那个文件或目录
Thu Jul 23 2020 08:10:16 GMT+0800 (CST): exec command: python3 /root/myProject/myItchat/stock_analysis/data_filter.py filter_dby
Thu Jul 23 2020 08:10:19 GMT+0800 (CST): exec command: python3 /root/myProject/myItchat/stock_analysis/data_filter.py guider
Thu Jul 23 2020 08:10:20 GMT+0800 (CST): exec command: python3 /root/myProject/myItchat/stock_analysis/data_filter.py guider_dby
env: Plug-Ins/JavaAppletPlugin.plugin/Contents/Home/bin:/Library/Frameworks/Python.framework/Versions/3.7/bin:/opt/rh/devtoolset-9/root/usr/bin:/usr/local/sbin:/usr/local/bin:/usr/sbin:/usr/bin:/usr/local/mysql/bin: 没有那个文件或目录
Thu Jul 23 2020 08:11:03 GMT+0800 (CST): exec command: python3 /root/myProject/myItchat/stock_analysis/data_filter.py filter_dby
Thu Jul 23 2020 08:11:04 GMT+0800 (CST): exec command: python3 /root/myProject/myItchat/stock_analysis/data_filter.py guider
Thu Jul 23 2020 08:11:04 GMT+0800 (CST): exec command: python3 /root/myProject/myItchat/stock_analysis/data_filter.py guider_dby
env: Plug-Ins/JavaAppletPlugin.plugin/Contents/Home/bin:/Library/Frameworks/Python.framework/Versions/3.7/bin:/opt/rh/devtoolset-9/root/usr/bin:/usr/local/sbin:/usr/local/bin:/usr/sbin:/usr/bin:/usr/local/mysql/bin: 没有那个文件或目录
Thu Jul 23 2020 08:12:05 GMT+0800 (CST): exec command: python3 /root/myProject/myItchat/stock_analysis/data_filter.py filter_dby
Thu Jul 23 2020 08:12:05 GMT+0800 (CST): exec command: python3 /root/myProject/myItchat/stock_analysis/data_filter.py guider
Thu Jul 23 2020 08:12:05 GMT+0800 (CST): exec command: python3 /root/myProject/myItchat/stock_analysis/data_filter.py guider_dby
env: Plug-Ins/JavaAppletPlugin.plugin/Contents/Home/bin:/Library/Frameworks/Python.framework/Versions/3.7/bin:/opt/rh/devtoolset-9/root/usr/bin:/usr/local/sbin:/usr/local/bin:/usr/sbin:/usr/bin:/usr/local/mysql/bin: 没有那个文件或目录
Thu Jul 23 2020 08:13:03 GMT+0800 (CST): exec command: python3 /root/myProject/myItchat/stock_analysis/data_filter.py filter_dby
Thu Jul 23 2020 08:13:04 GMT+0800 (CST): exec command: python3 /root/myProject/myItchat/stock_analysis/data_filter.py guider
Thu Jul 23 2020 08:13:04 GMT+0800 (CST): exec command: python3 /root/myProject/myItchat/stock_analysis/data_filter.py guider_dby
env: Plug-Ins/JavaAppletPlugin.plugin/Contents/Home/bin:/Library/Frameworks/Python.framework/Versions/3.7/bin:/opt/rh/devtoolset-9/root/usr/bin:/usr/local/sbin:/usr/local/bin:/usr/sbin:/usr/bin:/usr/local/mysql/bin: 没有那个文件或目录
Thu Jul 23 2020 08:14:03 GMT+0800 (CST): exec command: python3 /root/myProject/myItchat/stock_analysis/data_filter.py filter_dby
Thu Jul 23 2020 08:14:04 GMT+0800 (CST): exec command: python3 /root/myProject/myItchat/stock_analysis/data_filter.py guider
Thu Jul 23 2020 08:14:04 GMT+0800 (CST): exec command: python3 /root/myProject/myItchat/stock_analysis/data_filter.py guider_dby
env: Plug-Ins/JavaAppletPlugin.plugin/Contents/Home/bin:/Library/Frameworks/Python.framework/Versions/3.7/bin:/opt/rh/devtoolset-9/root/usr/bin:/usr/local/sbin:/usr/local/bin:/usr/sbin:/usr/bin:/usr/local/mysql/bin: 没有那个文件或目录
Thu Jul 23 2020 08:15:05 GMT+0800 (CST): exec command: python3 /root/myProject/myItchat/stock_analysis/data_filter.py filter_dby
Thu Jul 23 2020 08:15:06 GMT+0800 (CST): exec command: python3 /root/myProject/myItchat/stock_analysis/data_filter.py guider
Thu Jul 23 2020 08:15:06 GMT+0800 (CST): exec command: python3 /root/myProject/myItchat/stock_analysis/data_filter.py guider_dby
env: Plug-Ins/JavaAppletPlugin.plugin/Contents/Home/bin:/Library/Frameworks/Python.framework/Versions/3.7/bin:/opt/rh/devtoolset-9/root/usr/bin:/usr/local/sbin:/usr/local/bin:/usr/sbin:/usr/bin:/usr/local/mysql/bin: 没有那个文件或目录
Thu Jul 23 2020 08:16:03 GMT+0800 (CST): exec command: python3 /root/myProject/myItchat/stock_analysis/data_filter.py filter_dby
Thu Jul 23 2020 08:16:03 GMT+0800 (CST): exec command: python3 /root/myProject/myItchat/stock_analysis/data_filter.py guider
Thu Jul 23 2020 08:16:03 GMT+0800 (CST): exec command: python3 /root/myProject/myItchat/stock_analysis/data_filter.py guider_dby
env: Plug-Ins/JavaAppletPlugin.plugin/Contents/Home/bin:/Library/Frameworks/Python.framework/Versions/3.7/bin:/opt/rh/devtoolset-9/root/usr/bin:/usr/local/sbin:/usr/local/bin:/usr/sbin:/usr/bin:/usr/local/mysql/bin: 没有那个文件或目录
Thu Jul 23 2020 08:17:07 GMT+0800 (CST): exec command: python3 /root/myProject/myItchat/stock_analysis/data_filter.py filter_dby
Thu Jul 23 2020 08:17:08 GMT+0800 (CST): exec command: python3 /root/myProject/myItchat/stock_analysis/data_filter.py guider
Thu Jul 23 2020 08:17:09 GMT+0800 (CST): exec command: python3 /root/myProject/myItchat/stock_analysis/data_filter.py guider_dby
env: Plug-Ins/JavaAppletPlugin.plugin/Contents/Home/bin:/Library/Frameworks/Python.framework/Versions/3.7/bin:/opt/rh/devtoolset-9/root/usr/bin:/usr/local/sbin:/usr/local/bin:/usr/sbin:/usr/bin:/usr/local/mysql/bin: 没有那个文件或目录
Thu Jul 23 2020 08:18:04 GMT+0800 (CST): exec command: python3 /root/myProject/myItchat/stock_analysis/data_filter.py filter_dby
Thu Jul 23 2020 08:18:04 GMT+0800 (CST): exec command: python3 /root/myProject/myItchat/stock_analysis/data_filter.py guider
Thu Jul 23 2020 08:18:05 GMT+0800 (CST): exec command: python3 /root/myProject/myItchat/stock_analysis/data_filter.py guider_dby
env: Plug-Ins/JavaAppletPlugin.plugin/Contents/Home/bin:/Library/Frameworks/Python.framework/Versions/3.7/bin:/opt/rh/devtoolset-9/root/usr/bin:/usr/local/sbin:/usr/local/bin:/usr/sbin:/usr/bin:/usr/local/mysql/bin: 没有那个文件或目录
Thu Jul 23 2020 08:19:03 GMT+0800 (CST): exec command: python3 /root/myProject/myItchat/stock_analysis/data_filter.py filter_dby
Thu Jul 23 2020 08:19:04 GMT+0800 (CST): exec command: python3 /root/myProject/myItchat/stock_analysis/data_filter.py guider
Thu Jul 23 2020 08:19:04 GMT+0800 (CST): exec command: python3 /root/myProject/myItchat/stock_analysis/data_filter.py guider_dby
env: Plug-Ins/JavaAppletPlugin.plugin/Contents/Home/bin:/Library/Frameworks/Python.framework/Versions/3.7/bin:/opt/rh/devtoolset-9/root/usr/bin:/usr/local/sbin:/usr/local/bin:/usr/sbin:/usr/bin:/usr/local/mysql/bin: 没有那个文件或目录
Thu Jul 23 2020 08:20:07 GMT+0800 (CST): exec command: python3 /root/myProject/myItchat/stock_analysis/data_filter.py filter_dby
Thu Jul 23 2020 08:20:08 GMT+0800 (CST): exec command: python3 /root/myProject/myItchat/stock_analysis/data_filter.py guider
Thu Jul 23 2020 08:20:09 GMT+0800 (CST): exec command: python3 /root/myProject/myItchat/stock_analysis/data_filter.py guider_dby
env: Plug-Ins/JavaAppletPlugin.plugin/Contents/Home/bin:/Library/Frameworks/Python.framework/Versions/3.7/bin:/opt/rh/devtoolset-9/root/usr/bin:/usr/local/sbin:/usr/local/bin:/usr/sbin:/usr/bin:/usr/local/mysql/bin: 没有那个文件或目录
Thu Jul 23 2020 08:21:05 GMT+0800 (CST): exec command: python3 /root/myProject/myItchat/stock_analysis/data_filter.py filter_dby
Thu Jul 23 2020 08:21:05 GMT+0800 (CST): exec command: python3 /root/myProject/myItchat/stock_analysis/data_filter.py guider
Thu Jul 23 2020 08:21:06 GMT+0800 (CST): exec command: python3 /root/myProject/myItchat/stock_analysis/data_filter.py guider_dby
env: Plug-Ins/JavaAppletPlugin.plugin/Contents/Home/bin:/Library/Frameworks/Python.framework/Versions/3.7/bin:/opt/rh/devtoolset-9/root/usr/bin:/usr/local/sbin:/usr/local/bin:/usr/sbin:/usr/bin:/usr/local/mysql/bin: 没有那个文件或目录
Thu Jul 23 2020 08:22:08 GMT+0800 (CST): exec command: python3 /root/myProject/myItchat/stock_analysis/data_filter.py filter_dby
Thu Jul 23 2020 08:22:09 GMT+0800 (CST): exec command: python3 /root/myProject/myItchat/stock_analysis/data_filter.py guider
Thu Jul 23 2020 08:22:10 GMT+0800 (CST): exec command: python3 /root/myProject/myItchat/stock_analysis/data_filter.py guider_dby
env: Plug-Ins/JavaAppletPlugin.plugin/Contents/Home/bin:/Library/Frameworks/Python.framework/Versions/3.7/bin:/opt/rh/devtoolset-9/root/usr/bin:/usr/local/sbin:/usr/local/bin:/usr/sbin:/usr/bin:/usr/local/mysql/bin: 没有那个文件或目录
Thu Jul 23 2020 08:23:10 GMT+0800 (CST): exec command: python3 /root/myProject/myItchat/stock_analysis/data_filter.py filter_dby
Thu Jul 23 2020 08:23:11 GMT+0800 (CST): exec command: python3 /root/myProject/myItchat/stock_analysis/data_filter.py guider
Thu Jul 23 2020 08:23:15 GMT+0800 (CST): exec command: python3 /root/myProject/myItchat/stock_analysis/data_filter.py guider_dby
env: Plug-Ins/JavaAppletPlugin.plugin/Contents/Home/bin:/Library/Frameworks/Python.framework/Versions/3.7/bin:/opt/rh/devtoolset-9/root/usr/bin:/usr/local/sbin:/usr/local/bin:/usr/sbin:/usr/bin:/usr/local/mysql/bin: 没有那个文件或目录
Thu Jul 23 2020 08:24:08 GMT+0800 (CST): exec command: python3 /root/myProject/myItchat/stock_analysis/data_filter.py filter_dby
Thu Jul 23 2020 08:24:09 GMT+0800 (CST): exec command: python3 /root/myProject/myItchat/stock_analysis/data_filter.py guider
Thu Jul 23 2020 08:24:09 GMT+0800 (CST): exec command: python3 /root/myProject/myItchat/stock_analysis/data_filter.py guider_dby
env: Plug-Ins/JavaAppletPlugin.plugin/Contents/Home/bin:/Library/Frameworks/Python.framework/Versions/3.7/bin:/opt/rh/devtoolset-9/root/usr/bin:/usr/local/sbin:/usr/local/bin:/usr/sbin:/usr/bin:/usr/local/mysql/bin: 没有那个文件或目录
Thu Jul 23 2020 08:25:17 GMT+0800 (CST): exec command: python3 /root/myProject/myItchat/stock_analysis/data_filter.py filter_dby
Thu Jul 23 2020 08:25:17 GMT+0800 (CST): exec command: python3 /root/myProject/myItchat/stock_analysis/data_filter.py guider
Thu Jul 23 2020 08:25:17 GMT+0800 (CST): exec command: python3 /root/myProject/myItchat/stock_analysis/data_filter.py guider_dby
env: Plug-Ins/JavaAppletPlugin.plugin/Contents/Home/bin:/Library/Frameworks/Python.framework/Versions/3.7/bin:/opt/rh/devtoolset-9/root/usr/bin:/usr/local/sbin:/usr/local/bin:/usr/sbin:/usr/bin:/usr/local/mysql/bin: 没有那个文件或目录
Thu Jul 23 2020 08:26:13 GMT+0800 (CST): exec command: python3 /root/myProject/myItchat/stock_analysis/data_filter.py filter_dby
Thu Jul 23 2020 08:26:18 GMT+0800 (CST): exec command: python3 /root/myProject/myItchat/stock_analysis/data_filter.py guider
Thu Jul 23 2020 08:26:22 GMT+0800 (CST): exec command: python3 /root/myProject/myItchat/stock_analysis/data_filter.py guider_dby
env: Plug-Ins/JavaAppletPlugin.plugin/Contents/Home/bin:/Library/Frameworks/Python.framework/Versions/3.7/bin:/opt/rh/devtoolset-9/root/usr/bin:/usr/local/sbin:/usr/local/bin:/usr/sbin:/usr/bin:/usr/local/mysql/bin: 没有那个文件或目录
Thu Jul 23 2020 08:27:03 GMT+0800 (CST): exec command: python3 /root/myProject/myItchat/stock_analysis/data_filter.py filter_dby
Thu Jul 23 2020 08:27:04 GMT+0800 (CST): exec command: python3 /root/myProject/myItchat/stock_analysis/data_filter.py guider
Thu Jul 23 2020 08:27:04 GMT+0800 (CST): exec command: python3 /root/myProject/myItchat/stock_analysis/data_filter.py guider_dby
env: Plug-Ins/JavaAppletPlugin.plugin/Contents/Home/bin:/Library/Frameworks/Python.framework/Versions/3.7/bin:/opt/rh/devtoolset-9/root/usr/bin:/usr/local/sbin:/usr/local/bin:/usr/sbin:/usr/bin:/usr/local/mysql/bin: 没有那个文件或目录
Thu Jul 23 2020 08:28:08 GMT+0800 (CST): exec command: python3 /root/myProject/myItchat/stock_analysis/data_filter.py filter_dby
Thu Jul 23 2020 08:28:09 GMT+0800 (CST): exec command: python3 /root/myProject/myItchat/stock_analysis/data_filter.py guider
Thu Jul 23 2020 08:28:09 GMT+0800 (CST): exec command: python3 /root/myProject/myItchat/stock_analysis/data_filter.py guider_dby
env: Plug-Ins/JavaAppletPlugin.plugin/Contents/Home/bin:/Library/Frameworks/Python.framework/Versions/3.7/bin:/opt/rh/devtoolset-9/root/usr/bin:/usr/local/sbin:/usr/local/bin:/usr/sbin:/usr/bin:/usr/local/mysql/bin: 没有那个文件或目录
Thu Jul 23 2020 08:29:09 GMT+0800 (CST): exec command: python3 /root/myProject/myItchat/stock_analysis/data_filter.py filter_dby
Thu Jul 23 2020 08:29:10 GMT+0800 (CST): exec command: python3 /root/myProject/myItchat/stock_analysis/data_filter.py guider
Thu Jul 23 2020 08:29:11 GMT+0800 (CST): exec command: python3 /root/myProject/myItchat/stock_analysis/data_filter.py guider_dby
env: Plug-Ins/JavaAppletPlugin.plugin/Contents/Home/bin:/Library/Frameworks/Python.framework/Versions/3.7/bin:/opt/rh/devtoolset-9/root/usr/bin:/usr/local/sbin:/usr/local/bin:/usr/sbin:/usr/bin:/usr/local/mysql/bin: 没有那个文件或目录
Thu Jul 23 2020 08:30:10 GMT+0800 (CST): exec command: python3 /root/myProject/myItchat/stock_analysis/data_filter.py filter_dby
Thu Jul 23 2020 08:30:11 GMT+0800 (CST): exec command: python3 /root/myProject/myItchat/stock_analysis/data_filter.py guider
Thu Jul 23 2020 08:30:12 GMT+0800 (CST): exec command: python3 /root/myProject/myItchat/stock_analysis/data_filter.py guider_dby
env: Plug-Ins/JavaAppletPlugin.plugin/Contents/Home/bin:/Library/Frameworks/Python.framework/Versions/3.7/bin:/opt/rh/devtoolset-9/root/usr/bin:/usr/local/sbin:/usr/local/bin:/usr/sbin:/usr/bin:/usr/local/mysql/bin: 没有那个文件或目录
Thu Jul 23 2020 08:31:14 GMT+0800 (CST): exec command: python3 /root/myProject/myItchat/stock_analysis/data_filter.py filter_dby
Thu Jul 23 2020 08:31:18 GMT+0800 (CST): exec command: python3 /root/myProject/myItchat/stock_analysis/data_filter.py guider
Thu Jul 23 2020 08:31:20 GMT+0800 (CST): exec command: python3 /root/myProject/myItchat/stock_analysis/data_filter.py guider_dby
env: Plug-Ins/JavaAppletPlugin.plugin/Contents/Home/bin:/Library/Frameworks/Python.framework/Versions/3.7/bin:/opt/rh/devtoolset-9/root/usr/bin:/usr/local/sbin:/usr/local/bin:/usr/sbin:/usr/bin:/usr/local/mysql/bin: 没有那个文件或目录
Thu Jul 23 2020 08:32:10 GMT+0800 (CST): exec command: python3 /root/myProject/myItchat/stock_analysis/data_filter.py filter_dby
Thu Jul 23 2020 08:32:11 GMT+0800 (CST): exec command: python3 /root/myProject/myItchat/stock_analysis/data_filter.py guider
Thu Jul 23 2020 08:32:13 GMT+0800 (CST): exec command: python3 /root/myProject/myItchat/stock_analysis/data_filter.py guider_dby
env: Plug-Ins/JavaAppletPlugin.plugin/Contents/Home/bin:/Library/Frameworks/Python.framework/Versions/3.7/bin:/opt/rh/devtoolset-9/root/usr/bin:/usr/local/sbin:/usr/local/bin:/usr/sbin:/usr/bin:/usr/local/mysql/bin: 没有那个文件或目录
Thu Jul 23 2020 08:33:15 GMT+0800 (CST): exec command: python3 /root/myProject/myItchat/stock_analysis/data_filter.py filter_dby
Thu Jul 23 2020 08:33:16 GMT+0800 (CST): exec command: python3 /root/myProject/myItchat/stock_analysis/data_filter.py guider
Thu Jul 23 2020 08:33:17 GMT+0800 (CST): exec command: python3 /root/myProject/myItchat/stock_analysis/data_filter.py guider_dby
env: Plug-Ins/JavaAppletPlugin.plugin/Contents/Home/bin:/Library/Frameworks/Python.framework/Versions/3.7/bin:/opt/rh/devtoolset-9/root/usr/bin:/usr/local/sbin:/usr/local/bin:/usr/sbin:/usr/bin:/usr/local/mysql/bin: 没有那个文件或目录
Thu Jul 23 2020 08:34:07 GMT+0800 (CST): exec command: python3 /root/myProject/myItchat/stock_analysis/data_filter.py filter_dby
Thu Jul 23 2020 08:34:08 GMT+0800 (CST): exec command: python3 /root/myProject/myItchat/stock_analysis/data_filter.py guider
Thu Jul 23 2020 08:34:11 GMT+0800 (CST): exec command: python3 /root/myProject/myItchat/stock_analysis/data_filter.py guider_dby
env: Plug-Ins/JavaAppletPlugin.plugin/Contents/Home/bin:/Library/Frameworks/Python.framework/Versions/3.7/bin:/opt/rh/devtoolset-9/root/usr/bin:/usr/local/sbin:/usr/local/bin:/usr/sbin:/usr/bin:/usr/local/mysql/bin: 没有那个文件或目录
Thu Jul 23 2020 08:35:07 GMT+0800 (CST): exec command: python3 /root/myProject/myItchat/stock_analysis/data_filter.py filter_dby
Thu Jul 23 2020 08:35:08 GMT+0800 (CST): exec command: python3 /root/myProject/myItchat/stock_analysis/data_filter.py guider
Thu Jul 23 2020 08:35:09 GMT+0800 (CST): exec command: python3 /root/myProject/myItchat/stock_analysis/data_filter.py guider_dby
env: Plug-Ins/JavaAppletPlugin.plugin/Contents/Home/bin:/Library/Frameworks/Python.framework/Versions/3.7/bin:/opt/rh/devtoolset-9/root/usr/bin:/usr/local/sbin:/usr/local/bin:/usr/sbin:/usr/bin:/usr/local/mysql/bin: 没有那个文件或目录
Thu Jul 23 2020 08:36:25 GMT+0800 (CST): exec command: python3 /root/myProject/myItchat/stock_analysis/data_filter.py filter_dby
Thu Jul 23 2020 08:36:26 GMT+0800 (CST): exec command: python3 /root/myProject/myItchat/stock_analysis/data_filter.py guider
Thu Jul 23 2020 08:36:26 GMT+0800 (CST): exec command: python3 /root/myProject/myItchat/stock_analysis/data_filter.py guider_dby
env: Plug-Ins/JavaAppletPlugin.plugin/Contents/Home/bin:/Library/Frameworks/Python.framework/Versions/3.7/bin:/opt/rh/devtoolset-9/root/usr/bin:/usr/local/sbin:/usr/local/bin:/usr/sbin:/usr/bin:/usr/local/mysql/bin: 没有那个文件或目录
Thu Jul 23 2020 08:37:15 GMT+0800 (CST): exec command: python3 /root/myProject/myItchat/stock_analysis/data_filter.py filter_dby
Thu Jul 23 2020 08:37:27 GMT+0800 (CST): exec command: python3 /root/myProject/myItchat/stock_analysis/data_filter.py guider
Thu Jul 23 2020 08:37:30 GMT+0800 (CST): exec command: python3 /root/myProject/myItchat/stock_analysis/data_filter.py guider_dby
env: Plug-Ins/JavaAppletPlugin.plugin/Contents/Home/bin:/Library/Frameworks/Python.framework/Versions/3.7/bin:/opt/rh/devtoolset-9/root/usr/bin:/usr/local/sbin:/usr/local/bin:/usr/sbin:/usr/bin:/usr/local/mysql/bin: 没有那个文件或目录
Thu Jul 23 2020 08:38:06 GMT+0800 (CST): exec command: python3 /root/myProject/myItchat/stock_analysis/data_filter.py filter_dby
Thu Jul 23 2020 08:38:07 GMT+0800 (CST): exec command: python3 /root/myProject/myItchat/stock_analysis/data_filter.py guider
Thu Jul 23 2020 08:38:08 GMT+0800 (CST): exec command: python3 /root/myProject/myItchat/stock_analysis/data_filter.py guider_dby
env: Plug-Ins/JavaAppletPlugin.plugin/Contents/Home/bin:/Library/Frameworks/Python.framework/Versions/3.7/bin:/opt/rh/devtoolset-9/root/usr/bin:/usr/local/sbin:/usr/local/bin:/usr/sbin:/usr/bin:/usr/local/mysql/bin: 没有那个文件或目录
Thu Jul 23 2020 08:39:08 GMT+0800 (CST): exec command: python3 /root/myProject/myItchat/stock_analysis/data_filter.py filter_dby
Thu Jul 23 2020 08:39:12 GMT+0800 (CST): exec command: python3 /root/myProject/myItchat/stock_analysis/data_filter.py guider
Thu Jul 23 2020 08:39:12 GMT+0800 (CST): exec command: python3 /root/myProject/myItchat/stock_analysis/data_filter.py guider_dby
env: Plug-Ins/JavaAppletPlugin.plugin/Contents/Home/bin:/Library/Frameworks/Python.framework/Versions/3.7/bin:/opt/rh/devtoolset-9/root/usr/bin:/usr/local/sbin:/usr/local/bin:/usr/sbin:/usr/bin:/usr/local/mysql/bin: 没有那个文件或目录
Thu Jul 23 2020 08:40:08 GMT+0800 (CST): exec command: python3 /root/myProject/myItchat/stock_analysis/data_filter.py filter_dby
Thu Jul 23 2020 08:40:10 GMT+0800 (CST): exec command: python3 /root/myProject/myItchat/stock_analysis/data_filter.py guider
Thu Jul 23 2020 08:40:10 GMT+0800 (CST): exec command: python3 /root/myProject/myItchat/stock_analysis/data_filter.py guider_dby
env: Plug-Ins/JavaAppletPlugin.plugin/Contents/Home/bin:/Library/Frameworks/Python.framework/Versions/3.7/bin:/opt/rh/devtoolset-9/root/usr/bin:/usr/local/sbin:/usr/local/bin:/usr/sbin:/usr/bin:/usr/local/mysql/bin: 没有那个文件或目录
Thu Jul 23 2020 08:41:10 GMT+0800 (CST): exec command: python3 /root/myProject/myItchat/stock_analysis/data_filter.py filter_dby
Thu Jul 23 2020 08:41:11 GMT+0800 (CST): exec command: python3 /root/myProject/myItchat/stock_analysis/data_filter.py guider
Thu Jul 23 2020 08:41:11 GMT+0800 (CST): exec command: python3 /root/myProject/myItchat/stock_analysis/data_filter.py guider_dby
env: Plug-Ins/JavaAppletPlugin.plugin/Contents/Home/bin:/Library/Frameworks/Python.framework/Versions/3.7/bin:/opt/rh/devtoolset-9/root/usr/bin:/usr/local/sbin:/usr/local/bin:/usr/sbin:/usr/bin:/usr/local/mysql/bin: 没有那个文件或目录
Thu Jul 23 2020 08:42:08 GMT+0800 (CST): exec command: python3 /root/myProject/myItchat/stock_analysis/data_filter.py filter_dby
Thu Jul 23 2020 08:42:35 GMT+0800 (CST): exec command: python3 /root/myProject/myItchat/stock_analysis/data_filter.py guider
Thu Jul 23 2020 08:42:38 GMT+0800 (CST): exec command: python3 /root/myProject/myItchat/stock_analysis/data_filter.py guider_dby
env: Plug-Ins/JavaAppletPlugin.plugin/Contents/Home/bin:/Library/Frameworks/Python.framework/Versions/3.7/bin:/opt/rh/devtoolset-9/root/usr/bin:/usr/local/sbin:/usr/local/bin:/usr/sbin:/usr/bin:/usr/local/mysql/bin: 没有那个文件或目录
Thu Jul 23 2020 08:43:03 GMT+0800 (CST): exec command: python3 /root/myProject/myItchat/stock_analysis/data_filter.py filter_dby
Thu Jul 23 2020 08:43:03 GMT+0800 (CST): exec command: python3 /root/myProject/myItchat/stock_analysis/data_filter.py guider
Thu Jul 23 2020 08:43:04 GMT+0800 (CST): exec command: python3 /root/myProject/myItchat/stock_analysis/data_filter.py guider_dby
env: Plug-Ins/JavaAppletPlugin.plugin/Contents/Home/bin:/Library/Frameworks/Python.framework/Versions/3.7/bin:/opt/rh/devtoolset-9/root/usr/bin:/usr/local/sbin:/usr/local/bin:/usr/sbin:/usr/bin:/usr/local/mysql/bin: 没有那个文件或目录
Thu Jul 23 2020 08:44:05 GMT+0800 (CST): exec command: python3 /root/myProject/myItchat/stock_analysis/data_filter.py filter_dby
Thu Jul 23 2020 08:44:05 GMT+0800 (CST): exec command: python3 /root/myProject/myItchat/stock_analysis/data_filter.py guider
Thu Jul 23 2020 08:44:05 GMT+0800 (CST): exec command: python3 /root/myProject/myItchat/stock_analysis/data_filter.py guider_dby
env: Plug-Ins/JavaAppletPlugin.plugin/Contents/Home/bin:/Library/Frameworks/Python.framework/Versions/3.7/bin:/opt/rh/devtoolset-9/root/usr/bin:/usr/local/sbin:/usr/local/bin:/usr/sbin:/usr/bin:/usr/local/mysql/bin: 没有那个文件或目录
Thu Jul 23 2020 08:45:03 GMT+0800 (CST): exec command: python3 /root/myProject/myItchat/stock_analysis/data_filter.py filter_dby
Thu Jul 23 2020 08:45:04 GMT+0800 (CST): exec command: python3 /root/myProject/myItchat/stock_analysis/data_filter.py guider
Thu Jul 23 2020 08:45:04 GMT+0800 (CST): exec command: python3 /root/myProject/myItchat/stock_analysis/data_filter.py guider_dby
env: Plug-Ins/JavaAppletPlugin.plugin/Contents/Home/bin:/Library/Frameworks/Python.framework/Versions/3.7/bin:/opt/rh/devtoolset-9/root/usr/bin:/usr/local/sbin:/usr/local/bin:/usr/sbin:/usr/bin:/usr/local/mysql/bin: 没有那个文件或目录
Thu Jul 23 2020 08:46:03 GMT+0800 (CST): exec command: python3 /root/myProject/myItchat/stock_analysis/data_filter.py filter_dby
Thu Jul 23 2020 08:46:03 GMT+0800 (CST): exec command: python3 /root/myProject/myItchat/stock_analysis/data_filter.py guider
Thu Jul 23 2020 08:46:03 GMT+0800 (CST): exec command: python3 /root/myProject/myItchat/stock_analysis/data_filter.py guider_dby
env: Plug-Ins/JavaAppletPlugin.plugin/Contents/Home/bin:/Library/Frameworks/Python.framework/Versions/3.7/bin:/opt/rh/devtoolset-9/root/usr/bin:/usr/local/sbin:/usr/local/bin:/usr/sbin:/usr/bin:/usr/local/mysql/bin: 没有那个文件或目录
Thu Jul 23 2020 08:47:03 GMT+0800 (CST): exec command: python3 /root/myProject/myItchat/stock_analysis/data_filter.py filter_dby
Thu Jul 23 2020 08:47:03 GMT+0800 (CST): exec command: python3 /root/myProject/myItchat/stock_analysis/data_filter.py guider
Thu Jul 23 2020 08:47:04 GMT+0800 (CST): exec command: python3 /root/myProject/myItchat/stock_analysis/data_filter.py guider_dby
env: Plug-Ins/JavaAppletPlugin.plugin/Contents/Home/bin:/Library/Frameworks/Python.framework/Versions/3.7/bin:/opt/rh/devtoolset-9/root/usr/bin:/usr/local/sbin:/usr/local/bin:/usr/sbin:/usr/bin:/usr/local/mysql/bin: 没有那个文件或目录
Thu Jul 23 2020 08:48:03 GMT+0800 (CST): exec command: python3 /root/myProject/myItchat/stock_analysis/data_filter.py filter_dby
Thu Jul 23 2020 08:48:04 GMT+0800 (CST): exec command: python3 /root/myProject/myItchat/stock_analysis/data_filter.py guider
Thu Jul 23 2020 08:48:04 GMT+0800 (CST): exec command: python3 /root/myProject/myItchat/stock_analysis/data_filter.py guider_dby
env: Plug-Ins/JavaAppletPlugin.plugin/Contents/Home/bin:/Library/Frameworks/Python.framework/Versions/3.7/bin:/opt/rh/devtoolset-9/root/usr/bin:/usr/local/sbin:/usr/local/bin:/usr/sbin:/usr/bin:/usr/local/mysql/bin: 没有那个文件或目录
Thu Jul 23 2020 08:49:03 GMT+0800 (CST): exec command: python3 /root/myProject/myItchat/stock_analysis/data_filter.py filter_dby
Thu Jul 23 2020 08:49:03 GMT+0800 (CST): exec command: python3 /root/myProject/myItchat/stock_analysis/data_filter.py guider
Thu Jul 23 2020 08:49:04 GMT+0800 (CST): exec command: python3 /root/myProject/myItchat/stock_analysis/data_filter.py guider_dby
env: Plug-Ins/JavaAppletPlugin.plugin/Contents/Home/bin:/Library/Frameworks/Python.framework/Versions/3.7/bin:/opt/rh/devtoolset-9/root/usr/bin:/usr/local/sbin:/usr/local/bin:/usr/sbin:/usr/bin:/usr/local/mysql/bin: 没有那个文件或目录
Thu Jul 23 2020 08:50:03 GMT+0800 (CST): exec command: python3 /root/myProject/myItchat/stock_analysis/data_filter.py filter_dby
Thu Jul 23 2020 08:50:04 GMT+0800 (CST): exec command: python3 /root/myProject/myItchat/stock_analysis/data_filter.py guider
Thu Jul 23 2020 08:50:04 GMT+0800 (CST): exec command: python3 /root/myProject/myItchat/stock_analysis/data_filter.py guider_dby
env: Plug-Ins/JavaAppletPlugin.plugin/Contents/Home/bin:/Library/Frameworks/Python.framework/Versions/3.7/bin:/opt/rh/devtoolset-9/root/usr/bin:/usr/local/sbin:/usr/local/bin:/usr/sbin:/usr/bin:/usr/local/mysql/bin: 没有那个文件或目录
Thu Jul 23 2020 08:51:03 GMT+0800 (CST): exec command: python3 /root/myProject/myItchat/stock_analysis/data_filter.py filter_dby
Thu Jul 23 2020 08:51:04 GMT+0800 (CST): exec command: python3 /root/myProject/myItchat/stock_analysis/data_filter.py guider
Thu Jul 23 2020 08:51:04 GMT+0800 (CST): exec command: python3 /root/myProject/myItchat/stock_analysis/data_filter.py guider_dby
env: Plug-Ins/JavaAppletPlugin.plugin/Contents/Home/bin:/Library/Frameworks/Python.framework/Versions/3.7/bin:/opt/rh/devtoolset-9/root/usr/bin:/usr/local/sbin:/usr/local/bin:/usr/sbin:/usr/bin:/usr/local/mysql/bin: 没有那个文件或目录
Thu Jul 23 2020 08:52:03 GMT+0800 (CST): exec command: python3 /root/myProject/myItchat/stock_analysis/data_filter.py filter_dby
Thu Jul 23 2020 08:52:04 GMT+0800 (CST): exec command: python3 /root/myProject/myItchat/stock_analysis/data_filter.py guider
Thu Jul 23 2020 08:52:04 GMT+0800 (CST): exec command: python3 /root/myProject/myItchat/stock_analysis/data_filter.py guider_dby
env: Plug-Ins/JavaAppletPlugin.plugin/Contents/Home/bin:/Library/Frameworks/Python.framework/Versions/3.7/bin:/opt/rh/devtoolset-9/root/usr/bin:/usr/local/sbin:/usr/local/bin:/usr/sbin:/usr/bin:/usr/local/mysql/bin: 没有那个文件或目录
Thu Jul 23 2020 08:53:03 GMT+0800 (CST): exec command: python3 /root/myProject/myItchat/stock_analysis/data_filter.py filter_dby
Thu Jul 23 2020 08:53:03 GMT+0800 (CST): exec command: python3 /root/myProject/myItchat/stock_analysis/data_filter.py guider
Thu Jul 23 2020 08:53:03 GMT+0800 (CST): exec command: python3 /root/myProject/myItchat/stock_analysis/data_filter.py guider_dby
env: Plug-Ins/JavaAppletPlugin.plugin/Contents/Home/bin:/Library/Frameworks/Python.framework/Versions/3.7/bin:/opt/rh/devtoolset-9/root/usr/bin:/usr/local/sbin:/usr/local/bin:/usr/sbin:/usr/bin:/usr/local/mysql/bin: 没有那个文件或目录
Thu Jul 23 2020 08:54:03 GMT+0800 (CST): exec command: python3 /root/myProject/myItchat/stock_analysis/data_filter.py filter_dby
Thu Jul 23 2020 08:54:03 GMT+0800 (CST): exec command: python3 /root/myProject/myItchat/stock_analysis/data_filter.py guider
Thu Jul 23 2020 08:54:03 GMT+0800 (CST): exec command: python3 /root/myProject/myItchat/stock_analysis/data_filter.py guider_dby
env: Plug-Ins/JavaAppletPlugin.plugin/Contents/Home/bin:/Library/Frameworks/Python.framework/Versions/3.7/bin:/opt/rh/devtoolset-9/root/usr/bin:/usr/local/sbin:/usr/local/bin:/usr/sbin:/usr/bin:/usr/local/mysql/bin: 没有那个文件或目录
Thu Jul 23 2020 08:55:03 GMT+0800 (CST): exec command: python3 /root/myProject/myItchat/stock_analysis/data_filter.py filter_dby
Thu Jul 23 2020 08:55:03 GMT+0800 (CST): exec command: python3 /root/myProject/myItchat/stock_analysis/data_filter.py guider
Thu Jul 23 2020 08:55:03 GMT+0800 (CST): exec command: python3 /root/myProject/myItchat/stock_analysis/data_filter.py guider_dby
env: Plug-Ins/JavaAppletPlugin.plugin/Contents/Home/bin:/Library/Frameworks/Python.framework/Versions/3.7/bin:/opt/rh/devtoolset-9/root/usr/bin:/usr/local/sbin:/usr/local/bin:/usr/sbin:/usr/bin:/usr/local/mysql/bin: 没有那个文件或目录
Thu Jul 23 2020 08:56:03 GMT+0800 (CST): exec command: python3 /root/myProject/myItchat/stock_analysis/data_filter.py filter_dby
Thu Jul 23 2020 08:56:03 GMT+0800 (CST): exec command: python3 /root/myProject/myItchat/stock_analysis/data_filter.py guider
Thu Jul 23 2020 08:56:03 GMT+0800 (CST): exec command: python3 /root/myProject/myItchat/stock_analysis/data_filter.py guider_dby
env: Plug-Ins/JavaAppletPlugin.plugin/Contents/Home/bin:/Library/Frameworks/Python.framework/Versions/3.7/bin:/opt/rh/devtoolset-9/root/usr/bin:/usr/local/sbin:/usr/local/bin:/usr/sbin:/usr/bin:/usr/local/mysql/bin: 没有那个文件或目录
Thu Jul 23 2020 08:57:03 GMT+0800 (CST): exec command: python3 /root/myProject/myItchat/stock_analysis/data_filter.py filter_dby
Thu Jul 23 2020 08:57:03 GMT+0800 (CST): exec command: python3 /root/myProject/myItchat/stock_analysis/data_filter.py guider
Thu Jul 23 2020 08:57:04 GMT+0800 (CST): exec command: python3 /root/myProject/myItchat/stock_analysis/data_filter.py guider_dby
env: Plug-Ins/JavaAppletPlugin.plugin/Contents/Home/bin:/Library/Frameworks/Python.framework/Versions/3.7/bin:/opt/rh/devtoolset-9/root/usr/bin:/usr/local/sbin:/usr/local/bin:/usr/sbin:/usr/bin:/usr/local/mysql/bin: 没有那个文件或目录
Thu Jul 23 2020 08:58:03 GMT+0800 (CST): exec command: python3 /root/myProject/myItchat/stock_analysis/data_filter.py filter_dby
Thu Jul 23 2020 08:58:03 GMT+0800 (CST): exec command: python3 /root/myProject/myItchat/stock_analysis/data_filter.py guider
Thu Jul 23 2020 08:58:03 GMT+0800 (CST): exec command: python3 /root/myProject/myItchat/stock_analysis/data_filter.py guider_dby
env: Plug-Ins/JavaAppletPlugin.plugin/Contents/Home/bin:/Library/Frameworks/Python.framework/Versions/3.7/bin:/opt/rh/devtoolset-9/root/usr/bin:/usr/local/sbin:/usr/local/bin:/usr/sbin:/usr/bin:/usr/local/mysql/bin: 没有那个文件或目录
Thu Jul 23 2020 08:59:03 GMT+0800 (CST): exec command: python3 /root/myProject/myItchat/stock_analysis/data_filter.py filter_dby
Thu Jul 23 2020 08:59:03 GMT+0800 (CST): exec command: python3 /root/myProject/myItchat/stock_analysis/data_filter.py guider
Thu Jul 23 2020 08:59:03 GMT+0800 (CST): exec command: python3 /root/myProject/myItchat/stock_analysis/data_filter.py guider_dby
env: Plug-Ins/JavaAppletPlugin.plugin/Contents/Home/bin:/Library/Frameworks/Python.framework/Versions/3.7/bin:/opt/rh/devtoolset-9/root/usr/bin:/usr/local/sbin:/usr/local/bin:/usr/sbin:/usr/bin:/usr/local/mysql/bin: 没有那个文件或目录
Fri Jul 24 2020 08:00:05 GMT+0800 (CST): exec command: python3 /root/myProject/myItchat/stock_analysis/data_filter.py filter_dby
Fri Jul 24 2020 08:00:05 GMT+0800 (CST): exec command: python3 /root/myProject/myItchat/stock_analysis/data_filter.py guider
Fri Jul 24 2020 08:00:06 GMT+0800 (CST): exec command: python3 /root/myProject/myItchat/stock_analysis/data_filter.py guider_dby
env: Plug-Ins/JavaAppletPlugin.plugin/Contents/Home/bin:/Library/Frameworks/Python.framework/Versions/3.7/bin:/opt/rh/devtoolset-9/root/usr/bin:/usr/local/sbin:/usr/local/bin:/usr/sbin:/usr/bin:/usr/local/mysql/bin: 没有那个文件或目录
Fri Jul 24 2020 08:01:03 GMT+0800 (CST): exec command: python3 /root/myProject/myItchat/stock_analysis/data_filter.py filter_dby
Fri Jul 24 2020 08:01:04 GMT+0800 (CST): exec command: python3 /root/myProject/myItchat/stock_analysis/data_filter.py guider
Fri Jul 24 2020 08:01:04 GMT+0800 (CST): exec command: python3 /root/myProject/myItchat/stock_analysis/data_filter.py guider_dby
env: Plug-Ins/JavaAppletPlugin.plugin/Contents/Home/bin:/Library/Frameworks/Python.framework/Versions/3.7/bin:/opt/rh/devtoolset-9/root/usr/bin:/usr/local/sbin:/usr/local/bin:/usr/sbin:/usr/bin:/usr/local/mysql/bin: 没有那个文件或目录
Fri Jul 24 2020 08:02:03 GMT+0800 (CST): exec command: python3 /root/myProject/myItchat/stock_analysis/data_filter.py filter_dby
Fri Jul 24 2020 08:02:03 GMT+0800 (CST): exec command: python3 /root/myProject/myItchat/stock_analysis/data_filter.py guider
Fri Jul 24 2020 08:02:04 GMT+0800 (CST): exec command: python3 /root/myProject/myItchat/stock_analysis/data_filter.py guider_dby
env: Plug-Ins/JavaAppletPlugin.plugin/Contents/Home/bin:/Library/Frameworks/Python.framework/Versions/3.7/bin:/opt/rh/devtoolset-9/root/usr/bin:/usr/local/sbin:/usr/local/bin:/usr/sbin:/usr/bin:/usr/local/mysql/bin: 没有那个文件或目录
Fri Jul 24 2020 08:03:03 GMT+0800 (CST): exec command: python3 /root/myProject/myItchat/stock_analysis/data_filter.py filter_dby
Fri Jul 24 2020 08:03:04 GMT+0800 (CST): exec command: python3 /root/myProject/myItchat/stock_analysis/data_filter.py guider
Fri Jul 24 2020 08:03:04 GMT+0800 (CST): exec command: python3 /root/myProject/myItchat/stock_analysis/data_filter.py guider_dby
env: Plug-Ins/JavaAppletPlugin.plugin/Contents/Home/bin:/Library/Frameworks/Python.framework/Versions/3.7/bin:/opt/rh/devtoolset-9/root/usr/bin:/usr/local/sbin:/usr/local/bin:/usr/sbin:/usr/bin:/usr/local/mysql/bin: 没有那个文件或目录
Fri Jul 24 2020 08:04:03 GMT+0800 (CST): exec command: python3 /root/myProject/myItchat/stock_analysis/data_filter.py filter_dby
Fri Jul 24 2020 08:04:03 GMT+0800 (CST): exec command: python3 /root/myProject/myItchat/stock_analysis/data_filter.py guider
Fri Jul 24 2020 08:04:04 GMT+0800 (CST): exec command: python3 /root/myProject/myItchat/stock_analysis/data_filter.py guider_dby
env: Plug-Ins/JavaAppletPlugin.plugin/Contents/Home/bin:/Library/Frameworks/Python.framework/Versions/3.7/bin:/opt/rh/devtoolset-9/root/usr/bin:/usr/local/sbin:/usr/local/bin:/usr/sbin:/usr/bin:/usr/local/mysql/bin: 没有那个文件或目录
Fri Jul 24 2020 08:05:03 GMT+0800 (CST): exec command: python3 /root/myProject/myItchat/stock_analysis/data_filter.py filter_dby
Fri Jul 24 2020 08:05:03 GMT+0800 (CST): exec command: python3 /root/myProject/myItchat/stock_analysis/data_filter.py guider
Fri Jul 24 2020 08:05:03 GMT+0800 (CST): exec command: python3 /root/myProject/myItchat/stock_analysis/data_filter.py guider_dby
env: Plug-Ins/JavaAppletPlugin.plugin/Contents/Home/bin:/Library/Frameworks/Python.framework/Versions/3.7/bin:/opt/rh/devtoolset-9/root/usr/bin:/usr/local/sbin:/usr/local/bin:/usr/sbin:/usr/bin:/usr/local/mysql/bin: 没有那个文件或目录
Fri Jul 24 2020 08:06:03 GMT+0800 (CST): exec command: python3 /root/myProject/myItchat/stock_analysis/data_filter.py filter_dby
Fri Jul 24 2020 08:06:03 GMT+0800 (CST): exec command: python3 /root/myProject/myItchat/stock_analysis/data_filter.py guider
Fri Jul 24 2020 08:06:04 GMT+0800 (CST): exec command: python3 /root/myProject/myItchat/stock_analysis/data_filter.py guider_dby
env: Plug-Ins/JavaAppletPlugin.plugin/Contents/Home/bin:/Library/Frameworks/Python.framework/Versions/3.7/bin:/opt/rh/devtoolset-9/root/usr/bin:/usr/local/sbin:/usr/local/bin:/usr/sbin:/usr/bin:/usr/local/mysql/bin: 没有那个文件或目录
Fri Jul 24 2020 08:07:03 GMT+0800 (CST): exec command: python3 /root/myProject/myItchat/stock_analysis/data_filter.py filter_dby
Fri Jul 24 2020 08:07:04 GMT+0800 (CST): exec command: python3 /root/myProject/myItchat/stock_analysis/data_filter.py guider
Fri Jul 24 2020 08:07:04 GMT+0800 (CST): exec command: python3 /root/myProject/myItchat/stock_analysis/data_filter.py guider_dby
env: Plug-Ins/JavaAppletPlugin.plugin/Contents/Home/bin:/Library/Frameworks/Python.framework/Versions/3.7/bin:/opt/rh/devtoolset-9/root/usr/bin:/usr/local/sbin:/usr/local/bin:/usr/sbin:/usr/bin:/usr/local/mysql/bin: 没有那个文件或目录
Fri Jul 24 2020 08:08:03 GMT+0800 (CST): exec command: python3 /root/myProject/myItchat/stock_analysis/data_filter.py filter_dby
Fri Jul 24 2020 08:08:03 GMT+0800 (CST): exec command: python3 /root/myProject/myItchat/stock_analysis/data_filter.py guider
Fri Jul 24 2020 08:08:04 GMT+0800 (CST): exec command: python3 /root/myProject/myItchat/stock_analysis/data_filter.py guider_dby
env: Plug-Ins/JavaAppletPlugin.plugin/Contents/Home/bin:/Library/Frameworks/Python.framework/Versions/3.7/bin:/opt/rh/devtoolset-9/root/usr/bin:/usr/local/sbin:/usr/local/bin:/usr/sbin:/usr/bin:/usr/local/mysql/bin: 没有那个文件或目录
Fri Jul 24 2020 08:09:03 GMT+0800 (CST): exec command: python3 /root/myProject/myItchat/stock_analysis/data_filter.py filter_dby
Fri Jul 24 2020 08:09:03 GMT+0800 (CST): exec command: python3 /root/myProject/myItchat/stock_analysis/data_filter.py guider
Fri Jul 24 2020 08:09:03 GMT+0800 (CST): exec command: python3 /root/myProject/myItchat/stock_analysis/data_filter.py guider_dby
env: Plug-Ins/JavaAppletPlugin.plugin/Contents/Home/bin:/Library/Frameworks/Python.framework/Versions/3.7/bin:/opt/rh/devtoolset-9/root/usr/bin:/usr/local/sbin:/usr/local/bin:/usr/sbin:/usr/bin:/usr/local/mysql/bin: 没有那个文件或目录
Fri Jul 24 2020 08:10:03 GMT+0800 (CST): exec command: python3 /root/myProject/myItchat/stock_analysis/data_filter.py filter_dby
Fri Jul 24 2020 08:10:03 GMT+0800 (CST): exec command: python3 /root/myProject/myItchat/stock_analysis/data_filter.py guider
Fri Jul 24 2020 08:10:03 GMT+0800 (CST): exec command: python3 /root/myProject/myItchat/stock_analysis/data_filter.py guider_dby
env: Plug-Ins/JavaAppletPlugin.plugin/Contents/Home/bin:/Library/Frameworks/Python.framework/Versions/3.7/bin:/opt/rh/devtoolset-9/root/usr/bin:/usr/local/sbin:/usr/local/bin:/usr/sbin:/usr/bin:/usr/local/mysql/bin: 没有那个文件或目录
Fri Jul 24 2020 08:11:03 GMT+0800 (CST): exec command: python3 /root/myProject/myItchat/stock_analysis/data_filter.py filter_dby
Fri Jul 24 2020 08:11:04 GMT+0800 (CST): exec command: python3 /root/myProject/myItchat/stock_analysis/data_filter.py guider
Fri Jul 24 2020 08:11:04 GMT+0800 (CST): exec command: python3 /root/myProject/myItchat/stock_analysis/data_filter.py guider_dby
env: Plug-Ins/JavaAppletPlugin.plugin/Contents/Home/bin:/Library/Frameworks/Python.framework/Versions/3.7/bin:/opt/rh/devtoolset-9/root/usr/bin:/usr/local/sbin:/usr/local/bin:/usr/sbin:/usr/bin:/usr/local/mysql/bin: 没有那个文件或目录
Fri Jul 24 2020 08:12:03 GMT+0800 (CST): exec command: python3 /root/myProject/myItchat/stock_analysis/data_filter.py filter_dby
Fri Jul 24 2020 08:12:04 GMT+0800 (CST): exec command: python3 /root/myProject/myItchat/stock_analysis/data_filter.py guider
Fri Jul 24 2020 08:12:04 GMT+0800 (CST): exec command: python3 /root/myProject/myItchat/stock_analysis/data_filter.py guider_dby
env: Plug-Ins/JavaAppletPlugin.plugin/Contents/Home/bin:/Library/Frameworks/Python.framework/Versions/3.7/bin:/opt/rh/devtoolset-9/root/usr/bin:/usr/local/sbin:/usr/local/bin:/usr/sbin:/usr/bin:/usr/local/mysql/bin: 没有那个文件或目录
Fri Jul 24 2020 08:13:03 GMT+0800 (CST): exec command: python3 /root/myProject/myItchat/stock_analysis/data_filter.py filter_dby
Fri Jul 24 2020 08:13:03 GMT+0800 (CST): exec command: python3 /root/myProject/myItchat/stock_analysis/data_filter.py guider
Fri Jul 24 2020 08:13:04 GMT+0800 (CST): exec command: python3 /root/myProject/myItchat/stock_analysis/data_filter.py guider_dby
env: Plug-Ins/JavaAppletPlugin.plugin/Contents/Home/bin:/Library/Frameworks/Python.framework/Versions/3.7/bin:/opt/rh/devtoolset-9/root/usr/bin:/usr/local/sbin:/usr/local/bin:/usr/sbin:/usr/bin:/usr/local/mysql/bin: 没有那个文件或目录
Fri Jul 24 2020 08:14:03 GMT+0800 (CST): exec command: python3 /root/myProject/myItchat/stock_analysis/data_filter.py filter_dby
Fri Jul 24 2020 08:14:03 GMT+0800 (CST): exec command: python3 /root/myProject/myItchat/stock_analysis/data_filter.py guider
Fri Jul 24 2020 08:14:04 GMT+0800 (CST): exec command: python3 /root/myProject/myItchat/stock_analysis/data_filter.py guider_dby
env: Plug-Ins/JavaAppletPlugin.plugin/Contents/Home/bin:/Library/Frameworks/Python.framework/Versions/3.7/bin:/opt/rh/devtoolset-9/root/usr/bin:/usr/local/sbin:/usr/local/bin:/usr/sbin:/usr/bin:/usr/local/mysql/bin: 没有那个文件或目录
Fri Jul 24 2020 08:15:03 GMT+0800 (CST): exec command: python3 /root/myProject/myItchat/stock_analysis/data_filter.py filter_dby
Fri Jul 24 2020 08:15:03 GMT+0800 (CST): exec command: python3 /root/myProject/myItchat/stock_analysis/data_filter.py guider
Fri Jul 24 2020 08:15:03 GMT+0800 (CST): exec command: python3 /root/myProject/myItchat/stock_analysis/data_filter.py guider_dby
env: Plug-Ins/JavaAppletPlugin.plugin/Contents/Home/bin:/Library/Frameworks/Python.framework/Versions/3.7/bin:/opt/rh/devtoolset-9/root/usr/bin:/usr/local/sbin:/usr/local/bin:/usr/sbin:/usr/bin:/usr/local/mysql/bin: 没有那个文件或目录
Fri Jul 24 2020 08:16:03 GMT+0800 (CST): exec command: python3 /root/myProject/myItchat/stock_analysis/data_filter.py filter_dby
Fri Jul 24 2020 08:16:04 GMT+0800 (CST): exec command: python3 /root/myProject/myItchat/stock_analysis/data_filter.py guider
Fri Jul 24 2020 08:16:04 GMT+0800 (CST): exec command: python3 /root/myProject/myItchat/stock_analysis/data_filter.py guider_dby
env: Plug-Ins/JavaAppletPlugin.plugin/Contents/Home/bin:/Library/Frameworks/Python.framework/Versions/3.7/bin:/opt/rh/devtoolset-9/root/usr/bin:/usr/local/sbin:/usr/local/bin:/usr/sbin:/usr/bin:/usr/local/mysql/bin: 没有那个文件或目录
Fri Jul 24 2020 08:17:03 GMT+0800 (CST): exec command: python3 /root/myProject/myItchat/stock_analysis/data_filter.py filter_dby
Fri Jul 24 2020 08:17:03 GMT+0800 (CST): exec command: python3 /root/myProject/myItchat/stock_analysis/data_filter.py guider
Fri Jul 24 2020 08:17:03 GMT+0800 (CST): exec command: python3 /root/myProject/myItchat/stock_analysis/data_filter.py guider_dby
env: Plug-Ins/JavaAppletPlugin.plugin/Contents/Home/bin:/Library/Frameworks/Python.framework/Versions/3.7/bin:/opt/rh/devtoolset-9/root/usr/bin:/usr/local/sbin:/usr/local/bin:/usr/sbin:/usr/bin:/usr/local/mysql/bin: 没有那个文件或目录
Fri Jul 24 2020 08:18:03 GMT+0800 (CST): exec command: python3 /root/myProject/myItchat/stock_analysis/data_filter.py filter_dby
Fri Jul 24 2020 08:18:03 GMT+0800 (CST): exec command: python3 /root/myProject/myItchat/stock_analysis/data_filter.py guider
Fri Jul 24 2020 08:18:04 GMT+0800 (CST): exec command: python3 /root/myProject/myItchat/stock_analysis/data_filter.py guider_dby
env: Plug-Ins/JavaAppletPlugin.plugin/Contents/Home/bin:/Library/Frameworks/Python.framework/Versions/3.7/bin:/opt/rh/devtoolset-9/root/usr/bin:/usr/local/sbin:/usr/local/bin:/usr/sbin:/usr/bin:/usr/local/mysql/bin: 没有那个文件或目录
Fri Jul 24 2020 08:19:03 GMT+0800 (CST): exec command: python3 /root/myProject/myItchat/stock_analysis/data_filter.py filter_dby
Fri Jul 24 2020 08:19:03 GMT+0800 (CST): exec command: python3 /root/myProject/myItchat/stock_analysis/data_filter.py guider
Fri Jul 24 2020 08:19:03 GMT+0800 (CST): exec command: python3 /root/myProject/myItchat/stock_analysis/data_filter.py guider_dby
env: Plug-Ins/JavaAppletPlugin.plugin/Contents/Home/bin:/Library/Frameworks/Python.framework/Versions/3.7/bin:/opt/rh/devtoolset-9/root/usr/bin:/usr/local/sbin:/usr/local/bin:/usr/sbin:/usr/bin:/usr/local/mysql/bin: 没有那个文件或目录
Fri Jul 24 2020 08:20:03 GMT+0800 (CST): exec command: python3 /root/myProject/myItchat/stock_analysis/data_filter.py filter_dby
Fri Jul 24 2020 08:20:04 GMT+0800 (CST): exec command: python3 /root/myProject/myItchat/stock_analysis/data_filter.py guider
Fri Jul 24 2020 08:20:04 GMT+0800 (CST): exec command: python3 /root/myProject/myItchat/stock_analysis/data_filter.py guider_dby
env: Plug-Ins/JavaAppletPlugin.plugin/Contents/Home/bin:/Library/Frameworks/Python.framework/Versions/3.7/bin:/opt/rh/devtoolset-9/root/usr/bin:/usr/local/sbin:/usr/local/bin:/usr/sbin:/usr/bin:/usr/local/mysql/bin: 没有那个文件或目录
Fri Jul 24 2020 08:21:03 GMT+0800 (CST): exec command: python3 /root/myProject/myItchat/stock_analysis/data_filter.py filter_dby
Fri Jul 24 2020 08:21:04 GMT+0800 (CST): exec command: python3 /root/myProject/myItchat/stock_analysis/data_filter.py guider
Fri Jul 24 2020 08:21:04 GMT+0800 (CST): exec command: python3 /root/myProject/myItchat/stock_analysis/data_filter.py guider_dby
env: Plug-Ins/JavaAppletPlugin.plugin/Contents/Home/bin:/Library/Frameworks/Python.framework/Versions/3.7/bin:/opt/rh/devtoolset-9/root/usr/bin:/usr/local/sbin:/usr/local/bin:/usr/sbin:/usr/bin:/usr/local/mysql/bin: 没有那个文件或目录
Fri Jul 24 2020 08:22:03 GMT+0800 (CST): exec command: python3 /root/myProject/myItchat/stock_analysis/data_filter.py filter_dby
Fri Jul 24 2020 08:22:04 GMT+0800 (CST): exec command: python3 /root/myProject/myItchat/stock_analysis/data_filter.py guider
Fri Jul 24 2020 08:22:04 GMT+0800 (CST): exec command: python3 /root/myProject/myItchat/stock_analysis/data_filter.py guider_dby
env: Plug-Ins/JavaAppletPlugin.plugin/Contents/Home/bin:/Library/Frameworks/Python.framework/Versions/3.7/bin:/opt/rh/devtoolset-9/root/usr/bin:/usr/local/sbin:/usr/local/bin:/usr/sbin:/usr/bin:/usr/local/mysql/bin: 没有那个文件或目录
Fri Jul 24 2020 08:23:03 GMT+0800 (CST): exec command: python3 /root/myProject/myItchat/stock_analysis/data_filter.py filter_dby
Fri Jul 24 2020 08:23:03 GMT+0800 (CST): exec command: python3 /root/myProject/myItchat/stock_analysis/data_filter.py guider
Fri Jul 24 2020 08:23:03 GMT+0800 (CST): exec command: python3 /root/myProject/myItchat/stock_analysis/data_filter.py guider_dby
env: Plug-Ins/JavaAppletPlugin.plugin/Contents/Home/bin:/Library/Frameworks/Python.framework/Versions/3.7/bin:/opt/rh/devtoolset-9/root/usr/bin:/usr/local/sbin:/usr/local/bin:/usr/sbin:/usr/bin:/usr/local/mysql/bin: 没有那个文件或目录
Fri Jul 24 2020 08:24:03 GMT+0800 (CST): exec command: python3 /root/myProject/myItchat/stock_analysis/data_filter.py filter_dby
Fri Jul 24 2020 08:24:03 GMT+0800 (CST): exec command: python3 /root/myProject/myItchat/stock_analysis/data_filter.py guider
Fri Jul 24 2020 08:24:04 GMT+0800 (CST): exec command: python3 /root/myProject/myItchat/stock_analysis/data_filter.py guider_dby
env: Plug-Ins/JavaAppletPlugin.plugin/Contents/Home/bin:/Library/Frameworks/Python.framework/Versions/3.7/bin:/opt/rh/devtoolset-9/root/usr/bin:/usr/local/sbin:/usr/local/bin:/usr/sbin:/usr/bin:/usr/local/mysql/bin: 没有那个文件或目录
Fri Jul 24 2020 08:25:03 GMT+0800 (CST): exec command: python3 /root/myProject/myItchat/stock_analysis/data_filter.py filter_dby
Fri Jul 24 2020 08:25:03 GMT+0800 (CST): exec command: python3 /root/myProject/myItchat/stock_analysis/data_filter.py guider
Fri Jul 24 2020 08:25:04 GMT+0800 (CST): exec command: python3 /root/myProject/myItchat/stock_analysis/data_filter.py guider_dby
env: Plug-Ins/JavaAppletPlugin.plugin/Contents/Home/bin:/Library/Frameworks/Python.framework/Versions/3.7/bin:/opt/rh/devtoolset-9/root/usr/bin:/usr/local/sbin:/usr/local/bin:/usr/sbin:/usr/bin:/usr/local/mysql/bin: 没有那个文件或目录
Fri Jul 24 2020 08:26:03 GMT+0800 (CST): exec command: python3 /root/myProject/myItchat/stock_analysis/data_filter.py filter_dby
Fri Jul 24 2020 08:26:03 GMT+0800 (CST): exec command: python3 /root/myProject/myItchat/stock_analysis/data_filter.py guider
Fri Jul 24 2020 08:26:04 GMT+0800 (CST): exec command: python3 /root/myProject/myItchat/stock_analysis/data_filter.py guider_dby
env: Plug-Ins/JavaAppletPlugin.plugin/Contents/Home/bin:/Library/Frameworks/Python.framework/Versions/3.7/bin:/opt/rh/devtoolset-9/root/usr/bin:/usr/local/sbin:/usr/local/bin:/usr/sbin:/usr/bin:/usr/local/mysql/bin: 没有那个文件或目录
Fri Jul 24 2020 08:27:03 GMT+0800 (CST): exec command: python3 /root/myProject/myItchat/stock_analysis/data_filter.py filter_dby
Fri Jul 24 2020 08:27:04 GMT+0800 (CST): exec command: python3 /root/myProject/myItchat/stock_analysis/data_filter.py guider
Fri Jul 24 2020 08:27:04 GMT+0800 (CST): exec command: python3 /root/myProject/myItchat/stock_analysis/data_filter.py guider_dby
env: Plug-Ins/JavaAppletPlugin.plugin/Contents/Home/bin:/Library/Frameworks/Python.framework/Versions/3.7/bin:/opt/rh/devtoolset-9/root/usr/bin:/usr/local/sbin:/usr/local/bin:/usr/sbin:/usr/bin:/usr/local/mysql/bin: 没有那个文件或目录
Fri Jul 24 2020 08:28:03 GMT+0800 (CST): exec command: python3 /root/myProject/myItchat/stock_analysis/data_filter.py filter_dby
Fri Jul 24 2020 08:28:04 GMT+0800 (CST): exec command: python3 /root/myProject/myItchat/stock_analysis/data_filter.py guider
Fri Jul 24 2020 08:28:04 GMT+0800 (CST): exec command: python3 /root/myProject/myItchat/stock_analysis/data_filter.py guider_dby
env: Plug-Ins/JavaAppletPlugin.plugin/Contents/Home/bin:/Library/Frameworks/Python.framework/Versions/3.7/bin:/opt/rh/devtoolset-9/root/usr/bin:/usr/local/sbin:/usr/local/bin:/usr/sbin:/usr/bin:/usr/local/mysql/bin: 没有那个文件或目录
Fri Jul 24 2020 08:29:03 GMT+0800 (CST): exec command: python3 /root/myProject/myItchat/stock_analysis/data_filter.py filter_dby
Fri Jul 24 2020 08:29:03 GMT+0800 (CST): exec command: python3 /root/myProject/myItchat/stock_analysis/data_filter.py guider
Fri Jul 24 2020 08:29:04 GMT+0800 (CST): exec command: python3 /root/myProject/myItchat/stock_analysis/data_filter.py guider_dby
env: Plug-Ins/JavaAppletPlugin.plugin/Contents/Home/bin:/Library/Frameworks/Python.framework/Versions/3.7/bin:/opt/rh/devtoolset-9/root/usr/bin:/usr/local/sbin:/usr/local/bin:/usr/sbin:/usr/bin:/usr/local/mysql/bin: 没有那个文件或目录
Fri Jul 24 2020 08:30:03 GMT+0800 (CST): exec command: python3 /root/myProject/myItchat/stock_analysis/data_filter.py filter_dby
Fri Jul 24 2020 08:30:03 GMT+0800 (CST): exec command: python3 /root/myProject/myItchat/stock_analysis/data_filter.py guider
Fri Jul 24 2020 08:30:04 GMT+0800 (CST): exec command: python3 /root/myProject/myItchat/stock_analysis/data_filter.py guider_dby
env: Plug-Ins/JavaAppletPlugin.plugin/Contents/Home/bin:/Library/Frameworks/Python.framework/Versions/3.7/bin:/opt/rh/devtoolset-9/root/usr/bin:/usr/local/sbin:/usr/local/bin:/usr/sbin:/usr/bin:/usr/local/mysql/bin: 没有那个文件或目录
Fri Jul 24 2020 08:31:03 GMT+0800 (CST): exec command: python3 /root/myProject/myItchat/stock_analysis/data_filter.py filter_dby
Fri Jul 24 2020 08:31:03 GMT+0800 (CST): exec command: python3 /root/myProject/myItchat/stock_analysis/data_filter.py guider
Fri Jul 24 2020 08:31:04 GMT+0800 (CST): exec command: python3 /root/myProject/myItchat/stock_analysis/data_filter.py guider_dby
env: Plug-Ins/JavaAppletPlugin.plugin/Contents/Home/bin:/Library/Frameworks/Python.framework/Versions/3.7/bin:/opt/rh/devtoolset-9/root/usr/bin:/usr/local/sbin:/usr/local/bin:/usr/sbin:/usr/bin:/usr/local/mysql/bin: 没有那个文件或目录
Fri Jul 24 2020 08:32:03 GMT+0800 (CST): exec command: python3 /root/myProject/myItchat/stock_analysis/data_filter.py filter_dby
Fri Jul 24 2020 08:32:03 GMT+0800 (CST): exec command: python3 /root/myProject/myItchat/stock_analysis/data_filter.py guider
Fri Jul 24 2020 08:32:04 GMT+0800 (CST): exec command: python3 /root/myProject/myItchat/stock_analysis/data_filter.py guider_dby
env: Plug-Ins/JavaAppletPlugin.plugin/Contents/Home/bin:/Library/Frameworks/Python.framework/Versions/3.7/bin:/opt/rh/devtoolset-9/root/usr/bin:/usr/local/sbin:/usr/local/bin:/usr/sbin:/usr/bin:/usr/local/mysql/bin: 没有那个文件或目录
Fri Jul 24 2020 08:33:03 GMT+0800 (CST): exec command: python3 /root/myProject/myItchat/stock_analysis/data_filter.py filter_dby
Fri Jul 24 2020 08:33:03 GMT+0800 (CST): exec command: python3 /root/myProject/myItchat/stock_analysis/data_filter.py guider
Fri Jul 24 2020 08:33:03 GMT+0800 (CST): exec command: python3 /root/myProject/myItchat/stock_analysis/data_filter.py guider_dby
env: Plug-Ins/JavaAppletPlugin.plugin/Contents/Home/bin:/Library/Frameworks/Python.framework/Versions/3.7/bin:/opt/rh/devtoolset-9/root/usr/bin:/usr/local/sbin:/usr/local/bin:/usr/sbin:/usr/bin:/usr/local/mysql/bin: 没有那个文件或目录
Fri Jul 24 2020 08:34:03 GMT+0800 (CST): exec command: python3 /root/myProject/myItchat/stock_analysis/data_filter.py filter_dby
Fri Jul 24 2020 08:34:03 GMT+0800 (CST): exec command: python3 /root/myProject/myItchat/stock_analysis/data_filter.py guider
Fri Jul 24 2020 08:34:03 GMT+0800 (CST): exec command: python3 /root/myProject/myItchat/stock_analysis/data_filter.py guider_dby
env: Plug-Ins/JavaAppletPlugin.plugin/Contents/Home/bin:/Library/Frameworks/Python.framework/Versions/3.7/bin:/opt/rh/devtoolset-9/root/usr/bin:/usr/local/sbin:/usr/local/bin:/usr/sbin:/usr/bin:/usr/local/mysql/bin: 没有那个文件或目录
Fri Jul 24 2020 08:35:03 GMT+0800 (CST): exec command: python3 /root/myProject/myItchat/stock_analysis/data_filter.py filter_dby
Fri Jul 24 2020 08:35:03 GMT+0800 (CST): exec command: python3 /root/myProject/myItchat/stock_analysis/data_filter.py guider
Fri Jul 24 2020 08:35:03 GMT+0800 (CST): exec command: python3 /root/myProject/myItchat/stock_analysis/data_filter.py guider_dby
env: Plug-Ins/JavaAppletPlugin.plugin/Contents/Home/bin:/Library/Frameworks/Python.framework/Versions/3.7/bin:/opt/rh/devtoolset-9/root/usr/bin:/usr/local/sbin:/usr/local/bin:/usr/sbin:/usr/bin:/usr/local/mysql/bin: 没有那个文件或目录
Fri Jul 24 2020 08:36:03 GMT+0800 (CST): exec command: python3 /root/myProject/myItchat/stock_analysis/data_filter.py filter_dby
Fri Jul 24 2020 08:36:04 GMT+0800 (CST): exec command: python3 /root/myProject/myItchat/stock_analysis/data_filter.py guider
Fri Jul 24 2020 08:36:04 GMT+0800 (CST): exec command: python3 /root/myProject/myItchat/stock_analysis/data_filter.py guider_dby
env: Plug-Ins/JavaAppletPlugin.plugin/Contents/Home/bin:/Library/Frameworks/Python.framework/Versions/3.7/bin:/opt/rh/devtoolset-9/root/usr/bin:/usr/local/sbin:/usr/local/bin:/usr/sbin:/usr/bin:/usr/local/mysql/bin: 没有那个文件或目录
Fri Jul 24 2020 08:37:03 GMT+0800 (CST): exec command: python3 /root/myProject/myItchat/stock_analysis/data_filter.py filter_dby
Fri Jul 24 2020 08:37:03 GMT+0800 (CST): exec command: python3 /root/myProject/myItchat/stock_analysis/data_filter.py guider
Fri Jul 24 2020 08:37:04 GMT+0800 (CST): exec command: python3 /root/myProject/myItchat/stock_analysis/data_filter.py guider_dby
env: Plug-Ins/JavaAppletPlugin.plugin/Contents/Home/bin:/Library/Frameworks/Python.framework/Versions/3.7/bin:/opt/rh/devtoolset-9/root/usr/bin:/usr/local/sbin:/usr/local/bin:/usr/sbin:/usr/bin:/usr/local/mysql/bin: 没有那个文件或目录
Fri Jul 24 2020 08:38:03 GMT+0800 (CST): exec command: python3 /root/myProject/myItchat/stock_analysis/data_filter.py filter_dby
Fri Jul 24 2020 08:38:04 GMT+0800 (CST): exec command: python3 /root/myProject/myItchat/stock_analysis/data_filter.py guider
Fri Jul 24 2020 08:38:04 GMT+0800 (CST): exec command: python3 /root/myProject/myItchat/stock_analysis/data_filter.py guider_dby
env: Plug-Ins/JavaAppletPlugin.plugin/Contents/Home/bin:/Library/Frameworks/Python.framework/Versions/3.7/bin:/opt/rh/devtoolset-9/root/usr/bin:/usr/local/sbin:/usr/local/bin:/usr/sbin:/usr/bin:/usr/local/mysql/bin: 没有那个文件或目录
Fri Jul 24 2020 08:39:03 GMT+0800 (CST): exec command: python3 /root/myProject/myItchat/stock_analysis/data_filter.py filter_dby
Fri Jul 24 2020 08:39:03 GMT+0800 (CST): exec command: python3 /root/myProject/myItchat/stock_analysis/data_filter.py guider
Fri Jul 24 2020 08:39:03 GMT+0800 (CST): exec command: python3 /root/myProject/myItchat/stock_analysis/data_filter.py guider_dby
env: Plug-Ins/JavaAppletPlugin.plugin/Contents/Home/bin:/Library/Frameworks/Python.framework/Versions/3.7/bin:/opt/rh/devtoolset-9/root/usr/bin:/usr/local/sbin:/usr/local/bin:/usr/sbin:/usr/bin:/usr/local/mysql/bin: 没有那个文件或目录
Fri Jul 24 2020 08:40:03 GMT+0800 (CST): exec command: python3 /root/myProject/myItchat/stock_analysis/data_filter.py filter_dby
Fri Jul 24 2020 08:40:03 GMT+0800 (CST): exec command: python3 /root/myProject/myItchat/stock_analysis/data_filter.py guider
Fri Jul 24 2020 08:40:04 GMT+0800 (CST): exec command: python3 /root/myProject/myItchat/stock_analysis/data_filter.py guider_dby
env: Plug-Ins/JavaAppletPlugin.plugin/Contents/Home/bin:/Library/Frameworks/Python.framework/Versions/3.7/bin:/opt/rh/devtoolset-9/root/usr/bin:/usr/local/sbin:/usr/local/bin:/usr/sbin:/usr/bin:/usr/local/mysql/bin: 没有那个文件或目录
Fri Jul 24 2020 08:41:03 GMT+0800 (CST): exec command: python3 /root/myProject/myItchat/stock_analysis/data_filter.py filter_dby
Fri Jul 24 2020 08:41:03 GMT+0800 (CST): exec command: python3 /root/myProject/myItchat/stock_analysis/data_filter.py guider
Fri Jul 24 2020 08:41:04 GMT+0800 (CST): exec command: python3 /root/myProject/myItchat/stock_analysis/data_filter.py guider_dby
env: Plug-Ins/JavaAppletPlugin.plugin/Contents/Home/bin:/Library/Frameworks/Python.framework/Versions/3.7/bin:/opt/rh/devtoolset-9/root/usr/bin:/usr/local/sbin:/usr/local/bin:/usr/sbin:/usr/bin:/usr/local/mysql/bin: 没有那个文件或目录
Fri Jul 24 2020 08:42:03 GMT+0800 (CST): exec command: python3 /root/myProject/myItchat/stock_analysis/data_filter.py filter_dby
Fri Jul 24 2020 08:42:04 GMT+0800 (CST): exec command: python3 /root/myProject/myItchat/stock_analysis/data_filter.py guider
Fri Jul 24 2020 08:42:04 GMT+0800 (CST): exec command: python3 /root/myProject/myItchat/stock_analysis/data_filter.py guider_dby
env: Plug-Ins/JavaAppletPlugin.plugin/Contents/Home/bin:/Library/Frameworks/Python.framework/Versions/3.7/bin:/opt/rh/devtoolset-9/root/usr/bin:/usr/local/sbin:/usr/local/bin:/usr/sbin:/usr/bin:/usr/local/mysql/bin: 没有那个文件或目录
Fri Jul 24 2020 08:43:03 GMT+0800 (CST): exec command: python3 /root/myProject/myItchat/stock_analysis/data_filter.py filter_dby
Fri Jul 24 2020 08:43:03 GMT+0800 (CST): exec command: python3 /root/myProject/myItchat/stock_analysis/data_filter.py guider
Fri Jul 24 2020 08:43:03 GMT+0800 (CST): exec command: python3 /root/myProject/myItchat/stock_analysis/data_filter.py guider_dby
env: Plug-Ins/JavaAppletPlugin.plugin/Contents/Home/bin:/Library/Frameworks/Python.framework/Versions/3.7/bin:/opt/rh/devtoolset-9/root/usr/bin:/usr/local/sbin:/usr/local/bin:/usr/sbin:/usr/bin:/usr/local/mysql/bin: 没有那个文件或目录
Fri Jul 24 2020 08:44:03 GMT+0800 (CST): exec command: python3 /root/myProject/myItchat/stock_analysis/data_filter.py filter_dby
Fri Jul 24 2020 08:44:03 GMT+0800 (CST): exec command: python3 /root/myProject/myItchat/stock_analysis/data_filter.py guider
Fri Jul 24 2020 08:44:03 GMT+0800 (CST): exec command: python3 /root/myProject/myItchat/stock_analysis/data_filter.py guider_dby
env: Plug-Ins/JavaAppletPlugin.plugin/Contents/Home/bin:/Library/Frameworks/Python.framework/Versions/3.7/bin:/opt/rh/devtoolset-9/root/usr/bin:/usr/local/sbin:/usr/local/bin:/usr/sbin:/usr/bin:/usr/local/mysql/bin: 没有那个文件或目录
Fri Jul 24 2020 08:45:03 GMT+0800 (CST): exec command: python3 /root/myProject/myItchat/stock_analysis/data_filter.py filter_dby
Fri Jul 24 2020 08:45:03 GMT+0800 (CST): exec command: python3 /root/myProject/myItchat/stock_analysis/data_filter.py guider
Fri Jul 24 2020 08:45:03 GMT+0800 (CST): exec command: python3 /root/myProject/myItchat/stock_analysis/data_filter.py guider_dby
env: Plug-Ins/JavaAppletPlugin.plugin/Contents/Home/bin:/Library/Frameworks/Python.framework/Versions/3.7/bin:/opt/rh/devtoolset-9/root/usr/bin:/usr/local/sbin:/usr/local/bin:/usr/sbin:/usr/bin:/usr/local/mysql/bin: 没有那个文件或目录
Fri Jul 24 2020 08:46:03 GMT+0800 (CST): exec command: python3 /root/myProject/myItchat/stock_analysis/data_filter.py filter_dby
Fri Jul 24 2020 08:46:04 GMT+0800 (CST): exec command: python3 /root/myProject/myItchat/stock_analysis/data_filter.py guider
Fri Jul 24 2020 08:46:04 GMT+0800 (CST): exec command: python3 /root/myProject/myItchat/stock_analysis/data_filter.py guider_dby
env: Plug-Ins/JavaAppletPlugin.plugin/Contents/Home/bin:/Library/Frameworks/Python.framework/Versions/3.7/bin:/opt/rh/devtoolset-9/root/usr/bin:/usr/local/sbin:/usr/local/bin:/usr/sbin:/usr/bin:/usr/local/mysql/bin: 没有那个文件或目录
Fri Jul 24 2020 08:47:03 GMT+0800 (CST): exec command: python3 /root/myProject/myItchat/stock_analysis/data_filter.py filter_dby
Fri Jul 24 2020 08:47:03 GMT+0800 (CST): exec command: python3 /root/myProject/myItchat/stock_analysis/data_filter.py guider
Fri Jul 24 2020 08:47:04 GMT+0800 (CST): exec command: python3 /root/myProject/myItchat/stock_analysis/data_filter.py guider_dby
env: Plug-Ins/JavaAppletPlugin.plugin/Contents/Home/bin:/Library/Frameworks/Python.framework/Versions/3.7/bin:/opt/rh/devtoolset-9/root/usr/bin:/usr/local/sbin:/usr/local/bin:/usr/sbin:/usr/bin:/usr/local/mysql/bin: 没有那个文件或目录
Fri Jul 24 2020 08:48:03 GMT+0800 (CST): exec command: python3 /root/myProject/myItchat/stock_analysis/data_filter.py filter_dby
Fri Jul 24 2020 08:48:03 GMT+0800 (CST): exec command: python3 /root/myProject/myItchat/stock_analysis/data_filter.py guider
Fri Jul 24 2020 08:48:04 GMT+0800 (CST): exec command: python3 /root/myProject/myItchat/stock_analysis/data_filter.py guider_dby
env: Plug-Ins/JavaAppletPlugin.plugin/Contents/Home/bin:/Library/Frameworks/Python.framework/Versions/3.7/bin:/opt/rh/devtoolset-9/root/usr/bin:/usr/local/sbin:/usr/local/bin:/usr/sbin:/usr/bin:/usr/local/mysql/bin: 没有那个文件或目录
Fri Jul 24 2020 08:49:03 GMT+0800 (CST): exec command: python3 /root/myProject/myItchat/stock_analysis/data_filter.py filter_dby
Fri Jul 24 2020 08:49:04 GMT+0800 (CST): exec command: python3 /root/myProject/myItchat/stock_analysis/data_filter.py guider
Fri Jul 24 2020 08:49:04 GMT+0800 (CST): exec command: python3 /root/myProject/myItchat/stock_analysis/data_filter.py guider_dby
env: Plug-Ins/JavaAppletPlugin.plugin/Contents/Home/bin:/Library/Frameworks/Python.framework/Versions/3.7/bin:/opt/rh/devtoolset-9/root/usr/bin:/usr/local/sbin:/usr/local/bin:/usr/sbin:/usr/bin:/usr/local/mysql/bin: 没有那个文件或目录
Fri Jul 24 2020 08:50:03 GMT+0800 (CST): exec command: python3 /root/myProject/myItchat/stock_analysis/data_filter.py filter_dby
Fri Jul 24 2020 08:50:03 GMT+0800 (CST): exec command: python3 /root/myProject/myItchat/stock_analysis/data_filter.py guider
Fri Jul 24 2020 08:50:04 GMT+0800 (CST): exec command: python3 /root/myProject/myItchat/stock_analysis/data_filter.py guider_dby
env: Plug-Ins/JavaAppletPlugin.plugin/Contents/Home/bin:/Library/Frameworks/Python.framework/Versions/3.7/bin:/opt/rh/devtoolset-9/root/usr/bin:/usr/local/sbin:/usr/local/bin:/usr/sbin:/usr/bin:/usr/local/mysql/bin: 没有那个文件或目录
Fri Jul 24 2020 08:51:03 GMT+0800 (CST): exec command: python3 /root/myProject/myItchat/stock_analysis/data_filter.py filter_dby
Fri Jul 24 2020 08:51:03 GMT+0800 (CST): exec command: python3 /root/myProject/myItchat/stock_analysis/data_filter.py guider
Fri Jul 24 2020 08:51:03 GMT+0800 (CST): exec command: python3 /root/myProject/myItchat/stock_analysis/data_filter.py guider_dby
env: Plug-Ins/JavaAppletPlugin.plugin/Contents/Home/bin:/Library/Frameworks/Python.framework/Versions/3.7/bin:/opt/rh/devtoolset-9/root/usr/bin:/usr/local/sbin:/usr/local/bin:/usr/sbin:/usr/bin:/usr/local/mysql/bin: 没有那个文件或目录
Fri Jul 24 2020 08:52:03 GMT+0800 (CST): exec command: python3 /root/myProject/myItchat/stock_analysis/data_filter.py filter_dby
Fri Jul 24 2020 08:52:03 GMT+0800 (CST): exec command: python3 /root/myProject/myItchat/stock_analysis/data_filter.py guider
Fri Jul 24 2020 08:52:03 GMT+0800 (CST): exec command: python3 /root/myProject/myItchat/stock_analysis/data_filter.py guider_dby
env: Plug-Ins/JavaAppletPlugin.plugin/Contents/Home/bin:/Library/Frameworks/Python.framework/Versions/3.7/bin:/opt/rh/devtoolset-9/root/usr/bin:/usr/local/sbin:/usr/local/bin:/usr/sbin:/usr/bin:/usr/local/mysql/bin: 没有那个文件或目录
Fri Jul 24 2020 08:53:03 GMT+0800 (CST): exec command: python3 /root/myProject/myItchat/stock_analysis/data_filter.py filter_dby
Fri Jul 24 2020 08:53:04 GMT+0800 (CST): exec command: python3 /root/myProject/myItchat/stock_analysis/data_filter.py guider
Fri Jul 24 2020 08:53:04 GMT+0800 (CST): exec command: python3 /root/myProject/myItchat/stock_analysis/data_filter.py guider_dby
env: Plug-Ins/JavaAppletPlugin.plugin/Contents/Home/bin:/Library/Frameworks/Python.framework/Versions/3.7/bin:/opt/rh/devtoolset-9/root/usr/bin:/usr/local/sbin:/usr/local/bin:/usr/sbin:/usr/bin:/usr/local/mysql/bin: 没有那个文件或目录
Fri Jul 24 2020 08:54:03 GMT+0800 (CST): exec command: python3 /root/myProject/myItchat/stock_analysis/data_filter.py filter_dby
Fri Jul 24 2020 08:54:04 GMT+0800 (CST): exec command: python3 /root/myProject/myItchat/stock_analysis/data_filter.py guider
Fri Jul 24 2020 08:54:04 GMT+0800 (CST): exec command: python3 /root/myProject/myItchat/stock_analysis/data_filter.py guider_dby
env: Plug-Ins/JavaAppletPlugin.plugin/Contents/Home/bin:/Library/Frameworks/Python.framework/Versions/3.7/bin:/opt/rh/devtoolset-9/root/usr/bin:/usr/local/sbin:/usr/local/bin:/usr/sbin:/usr/bin:/usr/local/mysql/bin: 没有那个文件或目录
Fri Jul 24 2020 08:55:03 GMT+0800 (CST): exec command: python3 /root/myProject/myItchat/stock_analysis/data_filter.py filter_dby
Fri Jul 24 2020 08:55:04 GMT+0800 (CST): exec command: python3 /root/myProject/myItchat/stock_analysis/data_filter.py guider
Fri Jul 24 2020 08:55:04 GMT+0800 (CST): exec command: python3 /root/myProject/myItchat/stock_analysis/data_filter.py guider_dby
env: Plug-Ins/JavaAppletPlugin.plugin/Contents/Home/bin:/Library/Frameworks/Python.framework/Versions/3.7/bin:/opt/rh/devtoolset-9/root/usr/bin:/usr/local/sbin:/usr/local/bin:/usr/sbin:/usr/bin:/usr/local/mysql/bin: 没有那个文件或目录
Fri Jul 24 2020 08:56:03 GMT+0800 (CST): exec command: python3 /root/myProject/myItchat/stock_analysis/data_filter.py filter_dby
Fri Jul 24 2020 08:56:03 GMT+0800 (CST): exec command: python3 /root/myProject/myItchat/stock_analysis/data_filter.py guider
Fri Jul 24 2020 08:56:03 GMT+0800 (CST): exec command: python3 /root/myProject/myItchat/stock_analysis/data_filter.py guider_dby
env: Plug-Ins/JavaAppletPlugin.plugin/Contents/Home/bin:/Library/Frameworks/Python.framework/Versions/3.7/bin:/opt/rh/devtoolset-9/root/usr/bin:/usr/local/sbin:/usr/local/bin:/usr/sbin:/usr/bin:/usr/local/mysql/bin: 没有那个文件或目录
Fri Jul 24 2020 08:57:03 GMT+0800 (CST): exec command: python3 /root/myProject/myItchat/stock_analysis/data_filter.py filter_dby
Fri Jul 24 2020 08:57:03 GMT+0800 (CST): exec command: python3 /root/myProject/myItchat/stock_analysis/data_filter.py guider
Fri Jul 24 2020 08:57:04 GMT+0800 (CST): exec command: python3 /root/myProject/myItchat/stock_analysis/data_filter.py guider_dby
env: Plug-Ins/JavaAppletPlugin.plugin/Contents/Home/bin:/Library/Frameworks/Python.framework/Versions/3.7/bin:/opt/rh/devtoolset-9/root/usr/bin:/usr/local/sbin:/usr/local/bin:/usr/sbin:/usr/bin:/usr/local/mysql/bin: 没有那个文件或目录
Fri Jul 24 2020 08:58:03 GMT+0800 (CST): exec command: python3 /root/myProject/myItchat/stock_analysis/data_filter.py filter_dby
Fri Jul 24 2020 08:58:03 GMT+0800 (CST): exec command: python3 /root/myProject/myItchat/stock_analysis/data_filter.py guider
Fri Jul 24 2020 08:58:04 GMT+0800 (CST): exec command: python3 /root/myProject/myItchat/stock_analysis/data_filter.py guider_dby
env: Plug-Ins/JavaAppletPlugin.plugin/Contents/Home/bin:/Library/Frameworks/Python.framework/Versions/3.7/bin:/opt/rh/devtoolset-9/root/usr/bin:/usr/local/sbin:/usr/local/bin:/usr/sbin:/usr/bin:/usr/local/mysql/bin: 没有那个文件或目录
Fri Jul 24 2020 08:59:03 GMT+0800 (CST): exec command: python3 /root/myProject/myItchat/stock_analysis/data_filter.py filter_dby
Fri Jul 24 2020 08:59:03 GMT+0800 (CST): exec command: python3 /root/myProject/myItchat/stock_analysis/data_filter.py guider
Fri Jul 24 2020 08:59:03 GMT+0800 (CST): exec command: python3 /root/myProject/myItchat/stock_analysis/data_filter.py guider_dby
